20140906090018U18U2,09-06-2014,09:00,10:00,8U1,Lost Mt. Field #1,Game,8U2,,
20140906090028U58U6,09-06-2014,09:00,10:00,8U5,Lost Mt. Field #2,Game,8U6,,
20140906090038U78U8,09-06-2014,09:00,10:00,8U7,Lost Mt. Field #3,Game,8U8,,
2014090609004SS5SS6,09-06-2014,09:00,10:00,SS5,Lost Mt. Field #4,Game,SS6,,
2014090609005SS1SS2,09-06-2014,09:00,10:00,SS1,Lost Mt. Field #5,Game,SS2,,
201409061000110UF710UF8,09-06-2014,10:00,11:15,10UF7,Lost Mt. Field #1,Game,10UF8,,
201409061000214F314F4,09-06-2014,10:00,11:15,14F3,Lost Mt. Field #2,Game,14F4,,
201409061000313UF113UF2,09-06-2014,10:00,11:15,13UF1,Lost Mt. Field #3,Game,13UF2,,
20140906100048U38U4,09-06-2014,10:00,11:00,8U3,Lost Mt. Field #4,Game,8U4,,
2014090610005SS3SS4,09-06-2014,10:00,11:00,SS3,Lost Mt. Field #5,Game,SS4,,
201409061115110UF910UF10,09-06-2014,11:15,12:30,10UF9,Lost Mt. Field #1,Game,10UF10,,
201409061115313UF313UF4,09-06-2014,11:15,12:30,13UF3,Lost Mt. Field #3,Game,13UF4,,
201409061100413UF513UF6,09-06-2014,11:00,12:15,13UF5,Lost Mt. Field #4,Game,13UF6,,
201409061100512US112US2,09-06-2014,11:00,12:00,12US1,Lost Mt. Field #5,Game,12US2,,
201409061230110UF310UF5,09-06-2014,12:30,13:45,10UF3,Lost Mt. Field #1,Game,10UF5,,
201409061230310UF110UF2,09-06-2014,12:30,13:45,10UF1,Lost Mt. Field #3,Game,10UF2,,
201409061215412US312US4,09-06-2014,12:15,13:15,12US3,Lost Mt. Field #4,Game,12US4,,
201409061200514F114F2,09-06-2014,12:00,13:15,14F1,Lost Mt. Field #5,Game,14F2,,
201409061345110UF410UF6,09-06-2014,13:45,15:00,10UF4,Lost Mt. Field #1,Game,10UF6,,
2014090818151SS1SS3,09-08-2014,18:15,19:15,SS1,Lost Mt. Field #1,Game,SS3,,
201409081815212US112US4,09-08-2014,18:15,19:15,12US1,Lost Mt. Field #2,Game,12US4,,
20140908181538U98U1,09-08-2014,18:15,19:15,8U9,Lost Mt. Field #3,Game,8U1,,
20140908181548U28U4,09-08-2014,18:15,19:15,8U2,Lost Mt. Field #4,Game,8U4,,
201409081815510UF510UF10,09-08-2014,18:15,19:30,10UF5,Lost Mt. Field #5,Game,10UF10,,
201409081915212US212US3,09-08-2014,19:15,20:15,12US2,Lost Mt. Field #2,Game,12US3,,
201409081915313UF713UF6,09-08-2014,19:15,20:30,13UF7,Lost Mt. Field #3,Game,13UF6,,
201409081915419US119US2,09-08-2014,19:15,20:15,19US1,Lost Mt. Field #4,Game,19US2,,
201409081930519US319US4,09-08-2014,19:30,20:30,19US3,Lost Mt. Field #5,Game,19US4,,
2014090918151SS2SS5,09-09-2014,18:15,19:15,SS2,Lost Mt. Field #1,Game,SS5,,
2014090918152SS6SS4,09-09-2014,18:15,19:15,SS6,Lost Mt. Field #2,Game,SS4,,
20140909181538U68U8,09-09-2014,18:15,19:15,8U6,Lost Mt. Field #3,Game,8U8,,
201409091815410UF610UF8,09-09-2014,18:15,19:30,10UF6,Lost Mt. Field #4,Game,10UF8,,
20140909181558U38U5,09-09-2014,18:15,19:15,8U3,Lost Mt. Field #5,Game,8U5,,
201409091915210UF110UF3,09-09-2014,19:15,20:30,10UF1,Lost Mt. Field #2,Game,10UF3,,
201409091915313UF113UF3,09-09-2014,19:15,20:30,13UF1,Lost Mt. Field #3,Game,13UF3,,
201409091930413UF413UF5,09-09-2014,19:30,20:45,13UF4,Lost Mt. Field #4,Game,13UF5,,
201409091915510UF410UF2,09-09-2014,19:15,20:30,10UF4,Lost Mt. Field #5,Game,10UF2,,
201409092030214F214F4,09-09-2014,20:30,21:45,14F2,Lost Mt. Field #2,Game,14F4,,
20140911181518U78U4,09-11-2014,18:15,19:15,8U7,Lost Mt. Field #1,Game,8U4,,
201409111815210UF910UF7,09-11-2014,18:15,19:30,10UF9,Lost Mt. Field #2,Game,10UF7,,
201409111815313UF613UF2,09-11-2014,18:15,19:30,13UF6,Lost Mt. Field #3,Game,13UF2,,
201409111915119US119US3,09-11-2014,19:15,20:15,19US1,Lost Mt. Field #1,Game,19US3,,
201409111930219US219US4,09-11-2014,19:30,20:30,19US2,Lost Mt. Field #2,Game,19US4,,
201409111930314F114F3,09-11-2014,19:30,20:45,14F1,Lost Mt. Field #3,Game,14F3,,
